<?xml version="1.0" encoding="UTF-8"?>
<coverage generated="1676212691056" clover="3.2.0">
  <project timestamp="1676212691056" name="All files">
    <metrics statements="232" coveredstatements="232" conditionals="24" coveredconditionals="23" methods="15" coveredmethods="15" elements="271" coveredelements="270" complexity="0" loc="232" ncloc="232" packages="4" files="7" classes="7"/>
    <package name="components.button">
      <metrics statements="37" coveredstatements="37" conditionals="3" coveredconditionals="3" methods="1" coveredmethods="1"/>
      <file name="Button.tsx" path="/Users/viktorgyarfas/Dev/beer-finder/src/components/button/Button.tsx">
        <metrics statements="37" coveredstatements="37" conditionals="3" coveredconditionals="3" methods="1" coveredmethods="1"/>
        <line num="1" count="1" type="stmt"/>
        <line num="2" count="1" type="stmt"/>
        <line num="3" count="1" type="stmt"/>
        <line num="4" count="1" type="stmt"/>
        <line num="5" count="1" type="stmt"/>
        <line num="6" count="1" type="stmt"/>
        <line num="7" count="1" type="stmt"/>
        <line num="8" count="1" type="stmt"/>
        <line num="9" count="1" type="stmt"/>
        <line num="10" count="1" type="stmt"/>
        <line num="11" count="1" type="stmt"/>
        <line num="12" count="1" type="stmt"/>
        <line num="13" count="1" type="cond" truecount="1" falsecount="0"/>
        <line num="14" count="8" type="stmt"/>
        <line num="15" count="8" type="stmt"/>
        <line num="16" count="8" type="stmt"/>
        <line num="17" count="8" type="stmt"/>
        <line num="18" count="8" type="stmt"/>
        <line num="19" count="8" type="stmt"/>
        <line num="20" count="8" type="stmt"/>
        <line num="21" count="8" type="stmt"/>
        <line num="22" count="8" type="stmt"/>
        <line num="23" count="8" type="stmt"/>
        <line num="24" count="8" type="stmt"/>
        <line num="25" count="8" type="stmt"/>
        <line num="26" count="8" type="stmt"/>
        <line num="27" count="8" type="stmt"/>
        <line num="28" count="8" type="stmt"/>
        <line num="29" count="8" type="stmt"/>
        <line num="30" count="8" type="cond" truecount="1" falsecount="0"/>
        <line num="31" count="8" type="stmt"/>
        <line num="32" count="8" type="stmt"/>
        <line num="33" count="8" type="stmt"/>
        <line num="34" count="8" type="stmt"/>
        <line num="35" count="8" type="cond" truecount="1" falsecount="0"/>
        <line num="36" count="1" type="stmt"/>
        <line num="37" count="1" type="stmt"/>
      </file>
    </package>
    <package name="components.form">
      <metrics statements="131" coveredstatements="131" conditionals="14" coveredconditionals="13" methods="8" coveredmethods="8"/>
      <file name="Form.tsx" path="/Users/viktorgyarfas/Dev/beer-finder/src/components/form/Form.tsx">
        <metrics statements="35" coveredstatements="35" conditionals="2" coveredconditionals="2" methods="2" coveredmethods="2"/>
        <line num="1" count="1" type="stmt"/>
        <line num="2" count="1" type="stmt"/>
        <line num="3" count="1" type="stmt"/>
        <line num="4" count="1" type="stmt"/>
        <line num="5" count="1" type="stmt"/>
        <line num="6" count="1" type="stmt"/>
        <line num="7" count="1" type="stmt"/>
        <line num="8" count="1" type="stmt"/>
        <line num="9" count="1" type="stmt"/>
        <line num="10" count="1" type="stmt"/>
        <line num="11" count="1" type="stmt"/>
        <line num="12" count="1" type="stmt"/>
        <line num="13" count="1" type="stmt"/>
        <line num="14" count="1" type="cond" truecount="1" falsecount="0"/>
        <line num="15" count="7" type="stmt"/>
        <line num="16" count="7" type="stmt"/>
        <line num="17" count="7" type="stmt"/>
        <line num="18" count="7" type="stmt"/>
        <line num="19" count="7" type="stmt"/>
        <line num="20" count="7" type="stmt"/>
        <line num="21" count="7" type="stmt"/>
        <line num="22" count="7" type="stmt"/>
        <line num="23" count="7" type="stmt"/>
        <line num="24" count="7" type="stmt"/>
        <line num="25" count="7" type="stmt"/>
        <line num="26" count="7" type="stmt"/>
        <line num="27" count="7" type="stmt"/>
        <line num="28" count="7" type="stmt"/>
        <line num="29" count="7" type="stmt"/>
        <line num="30" count="7" type="stmt"/>
        <line num="31" count="7" type="stmt"/>
        <line num="32" count="7" type="stmt"/>
        <line num="33" count="7" type="stmt"/>
        <line num="34" count="7" type="stmt"/>
        <line num="35" count="4" type="cond" truecount="1" falsecount="0"/>
      </file>
      <file name="FormFieldWrapper.tsx" path="/Users/viktorgyarfas/Dev/beer-finder/src/components/form/FormFieldWrapper.tsx">
        <metrics statements="32" coveredstatements="32" conditionals="4" coveredconditionals="4" methods="2" coveredmethods="2"/>
        <line num="1" count="1" type="stmt"/>
        <line num="2" count="1" type="stmt"/>
        <line num="3" count="1" type="stmt"/>
        <line num="4" count="1" type="stmt"/>
        <line num="5" count="1" type="stmt"/>
        <line num="6" count="1" type="stmt"/>
        <line num="7" count="1" type="stmt"/>
        <line num="8" count="1" type="stmt"/>
        <line num="9" count="1" type="stmt"/>
        <line num="10" count="1" type="stmt"/>
        <line num="11" count="1" type="stmt"/>
        <line num="12" count="1" type="stmt"/>
        <line num="13" count="1" type="stmt"/>
        <line num="14" count="1" type="stmt"/>
        <line num="15" count="1" type="stmt"/>
        <line num="16" count="1" type="stmt"/>
        <line num="17" count="1" type="cond" truecount="1" falsecount="0"/>
        <line num="18" count="24" type="stmt"/>
        <line num="19" count="24" type="stmt"/>
        <line num="20" count="24" type="stmt"/>
        <line num="21" count="24" type="stmt"/>
        <line num="22" count="24" type="stmt"/>
        <line num="23" count="24" type="stmt"/>
        <line num="24" count="24" type="stmt"/>
        <line num="25" count="24" type="cond" truecount="2" falsecount="0"/>
        <line num="26" count="4" type="stmt"/>
        <line num="27" count="4" type="stmt"/>
        <line num="28" count="4" type="stmt"/>
        <line num="29" count="24" type="stmt"/>
        <line num="30" count="24" type="stmt"/>
        <line num="31" count="24" type="stmt"/>
        <line num="32" count="24" type="cond" truecount="1" falsecount="0"/>
      </file>
      <file name="FormInputField.tsx" path="/Users/viktorgyarfas/Dev/beer-finder/src/components/form/FormInputField.tsx">
        <metrics statements="26" coveredstatements="26" conditionals="3" coveredconditionals="3" methods="2" coveredmethods="2"/>
        <line num="1" count="1" type="stmt"/>
        <line num="2" count="1" type="stmt"/>
        <line num="3" count="1" type="stmt"/>
        <line num="4" count="1" type="stmt"/>
        <line num="5" count="1" type="stmt"/>
        <line num="6" count="1" type="stmt"/>
        <line num="7" count="1" type="stmt"/>
        <line num="8" count="1" type="stmt"/>
        <line num="9" count="1" type="stmt"/>
        <line num="10" count="1" type="stmt"/>
        <line num="11" count="1" type="stmt"/>
        <line num="12" count="1" type="stmt"/>
        <line num="13" count="1" type="stmt"/>
        <line num="14" count="1" type="cond" truecount="1" falsecount="0"/>
        <line num="15" count="14" type="stmt"/>
        <line num="16" count="14" type="stmt"/>
        <line num="17" count="14" type="stmt"/>
        <line num="18" count="14" type="stmt"/>
        <line num="19" count="14" type="stmt"/>
        <line num="20" count="14" type="cond" truecount="1" falsecount="0"/>
        <line num="21" count="14" type="stmt"/>
        <line num="22" count="14" type="stmt"/>
        <line num="23" count="14" type="stmt"/>
        <line num="24" count="14" type="stmt"/>
        <line num="25" count="14" type="stmt"/>
        <line num="26" count="14" type="cond" truecount="1" falsecount="0"/>
      </file>
      <file name="FormSelectField.tsx" path="/Users/viktorgyarfas/Dev/beer-finder/src/components/form/FormSelectField.tsx">
        <metrics statements="38" coveredstatements="38" conditionals="5" coveredconditionals="4" methods="2" coveredmethods="2"/>
        <line num="1" count="1" type="stmt"/>
        <line num="2" count="1" type="stmt"/>
        <line num="3" count="1" type="stmt"/>
        <line num="4" count="1" type="stmt"/>
        <line num="5" count="1" type="stmt"/>
        <line num="6" count="1" type="stmt"/>
        <line num="7" count="1" type="stmt"/>
        <line num="8" count="1" type="stmt"/>
        <line num="9" count="1" type="stmt"/>
        <line num="10" count="1" type="stmt"/>
        <line num="11" count="1" type="stmt"/>
        <line num="12" count="1" type="stmt"/>
        <line num="13" count="1" type="stmt"/>
        <line num="14" count="1" type="stmt"/>
        <line num="15" count="1" type="stmt"/>
        <line num="16" count="1" type="stmt"/>
        <line num="17" count="1" type="stmt"/>
        <line num="18" count="1" type="stmt"/>
        <line num="19" count="1" type="stmt"/>
        <line num="20" count="1" type="cond" truecount="1" falsecount="0"/>
        <line num="21" count="5" type="stmt"/>
        <line num="22" count="5" type="stmt"/>
        <line num="23" count="5" type="stmt"/>
        <line num="24" count="5" type="stmt"/>
        <line num="25" count="5" type="stmt"/>
        <line num="26" count="5" type="cond" truecount="1" falsecount="0"/>
        <line num="27" count="5" type="stmt"/>
        <line num="28" count="5" type="stmt"/>
        <line num="29" count="5" type="stmt"/>
        <line num="30" count="5" type="cond" truecount="1" falsecount="0"/>
        <line num="31" count="10" type="cond" truecount="0" falsecount="1"/>
        <line num="32" count="10" type="stmt"/>
        <line num="33" count="10" type="stmt"/>
        <line num="34" count="5" type="stmt"/>
        <line num="35" count="5" type="stmt"/>
        <line num="36" count="5" type="stmt"/>
        <line num="37" count="5" type="stmt"/>
        <line num="38" count="5" type="cond" truecount="1" falsecount="0"/>
      </file>
    </package>
    <package name="components.spinner">
      <metrics statements="45" coveredstatements="45" conditionals="2" coveredconditionals="2" methods="2" coveredmethods="2"/>
      <file name="Spinner.tsx" path="/Users/viktorgyarfas/Dev/beer-finder/src/components/spinner/Spinner.tsx">
        <metrics statements="45" coveredstatements="45" conditionals="2" coveredconditionals="2" methods="2" coveredmethods="2"/>
        <line num="1" count="1" type="stmt"/>
        <line num="2" count="1" type="stmt"/>
        <line num="3" count="1" type="stmt"/>
        <line num="4" count="1" type="stmt"/>
        <line num="5" count="1" type="stmt"/>
        <line num="6" count="1" type="stmt"/>
        <line num="7" count="1" type="stmt"/>
        <line num="8" count="1" type="stmt"/>
        <line num="9" count="1" type="stmt"/>
        <line num="10" count="1" type="stmt"/>
        <line num="11" count="1" type="stmt"/>
        <line num="12" count="1" type="stmt"/>
        <line num="13" count="1" type="stmt"/>
        <line num="14" count="1" type="stmt"/>
        <line num="15" count="1" type="stmt"/>
        <line num="16" count="1" type="stmt"/>
        <line num="17" count="1" type="cond" truecount="1" falsecount="0"/>
        <line num="18" count="4" type="stmt"/>
        <line num="19" count="4" type="stmt"/>
        <line num="20" count="4" type="stmt"/>
        <line num="21" count="4" type="stmt"/>
        <line num="22" count="4" type="stmt"/>
        <line num="23" count="4" type="stmt"/>
        <line num="24" count="4" type="stmt"/>
        <line num="25" count="4" type="stmt"/>
        <line num="26" count="4" type="stmt"/>
        <line num="27" count="4" type="stmt"/>
        <line num="28" count="4" type="stmt"/>
        <line num="29" count="4" type="stmt"/>
        <line num="30" count="4" type="stmt"/>
        <line num="31" count="4" type="stmt"/>
        <line num="32" count="4" type="stmt"/>
        <line num="33" count="4" type="stmt"/>
        <line num="34" count="4" type="stmt"/>
        <line num="35" count="4" type="stmt"/>
        <line num="36" count="4" type="stmt"/>
        <line num="37" count="4" type="stmt"/>
        <line num="38" count="4" type="stmt"/>
        <line num="39" count="4" type="stmt"/>
        <line num="40" count="4" type="stmt"/>
        <line num="41" count="4" type="stmt"/>
        <line num="42" count="4" type="stmt"/>
        <line num="43" count="4" type="stmt"/>
        <line num="44" count="4" type="stmt"/>
        <line num="45" count="4" type="cond" truecount="1" falsecount="0"/>
      </file>
    </package>
    <package name="test">
      <metrics statements="19" coveredstatements="19" conditionals="5" coveredconditionals="5" methods="4" coveredmethods="4"/>
      <file name="utils.ts" path="/Users/viktorgyarfas/Dev/beer-finder/src/test/utils.ts">
        <metrics statements="19" coveredstatements="19" conditionals="5" coveredconditionals="5" methods="4" coveredmethods="4"/>
        <line num="1" count="1" type="stmt"/>
        <line num="2" count="1" type="stmt"/>
        <line num="3" count="1" type="stmt"/>
        <line num="4" count="1" type="stmt"/>
        <line num="5" count="1" type="cond" truecount="1" falsecount="0"/>
        <line num="6" count="23" type="stmt"/>
        <line num="7" count="23" type="stmt"/>
        <line num="8" count="1" type="stmt"/>
        <line num="9" count="1" type="cond" truecount="1" falsecount="0"/>
        <line num="10" count="23" type="stmt"/>
        <line num="11" count="23" type="stmt"/>
        <line num="12" count="23" type="cond" truecount="1" falsecount="0"/>
        <line num="13" count="23" type="stmt"/>
        <line num="14" count="23" type="stmt"/>
        <line num="15" count="1" type="stmt"/>
        <line num="16" count="1" type="stmt"/>
        <line num="17" count="1" type="cond" truecount="1" falsecount="0"/>
        <line num="18" count="1" type="stmt"/>
        <line num="19" count="1" type="cond" truecount="1" falsecount="0"/>
      </file>
    </package>
  </project>
</coverage>
